2024-10-22 00:27:27 INFO  BaseClass:26 - Entered username
2024-10-22 00:27:27 INFO  BaseClass:29 - Entered password
2024-10-22 00:27:28 INFO  BaseClass:32 - User is logged in.
2024-10-22 00:27:34 INFO  BaseClass:23 - User navigated to My Wallet page.
2024-10-22 00:27:56 INFO  BaseClass:29 - User clicked on the Transfer Funds option.
2024-10-22 00:28:01 INFO  BaseClass:36 - User selected from wallet: Wallet (USD)
2024-10-22 00:28:08 INFO  BaseClass:42 - User selected to wallet: 1245983689 (dvdfv)
2024-10-22 00:28:09 INFO  BaseClass:48 - User entered transfer amount: 1000
2024-10-22 00:29:52 INFO  BaseClass:26 - Entered username
2024-10-22 00:29:52 INFO  BaseClass:29 - Entered password
2024-10-22 00:29:52 INFO  BaseClass:32 - User is logged in.
2024-10-22 00:29:59 INFO  BaseClass:23 - User navigated to My Wallet page.
2024-10-22 00:30:28 INFO  BaseClass:29 - User clicked on the Transfer Funds option.
2024-10-22 00:30:33 INFO  BaseClass:36 - User selected from wallet: Wallet (USD)
2024-10-22 00:30:40 INFO  BaseClass:42 - User selected to wallet: 1245983689 (dvdfv)
2024-10-22 00:30:41 INFO  BaseClass:48 - User entered transfer amount: 1000
2024-10-22 00:34:18 INFO  BaseClass:26 - Entered username
2024-10-22 00:34:18 INFO  BaseClass:29 - Entered password
2024-10-22 00:34:18 INFO  BaseClass:32 - User is logged in.
2024-10-22 00:34:24 INFO  BaseClass:23 - User navigated to My Wallet page.
2024-10-22 00:34:39 INFO  BaseClass:29 - User clicked on the Transfer Funds option.
2024-10-22 00:34:44 INFO  BaseClass:36 - User selected from wallet: Wallet (USD)
2024-10-22 00:34:52 INFO  BaseClass:42 - User selected to wallet: 1245983689 (dvdfv)
2024-10-22 00:34:52 INFO  BaseClass:48 - User entered transfer amount: 1000
2024-10-22 00:42:02 INFO  BaseClass:26 - Entered username
2024-10-22 00:42:02 INFO  BaseClass:29 - Entered password
2024-10-22 00:42:03 INFO  BaseClass:32 - User is logged in.
2024-10-22 00:42:27 INFO  BaseClass:25 - User navigated to My Wallet page.
2024-10-22 00:42:37 INFO  BaseClass:31 - User clicked on the Transfer Funds option.
2024-10-22 00:42:41 INFO  BaseClass:38 - User selected from wallet: Wallet (USD)
2024-10-22 00:42:49 INFO  BaseClass:44 - User selected to wallet: 1245983689 (dvdfv)
2024-10-22 00:42:49 INFO  BaseClass:50 - User entered transfer amount: 1000
2024-10-22 00:47:15 INFO  BaseClass:18 - User is on the Sign-In page.
2024-10-22 00:47:19 INFO  BaseClass:25 - Clicked on Sign-Up button
2024-10-22 00:47:21 INFO  BaseClass:32 - Entered random username: tom.morar
2024-10-22 00:47:21 INFO  BaseClass:39 - Entered random first name: Alexander
2024-10-22 00:47:22 INFO  BaseClass:46 - Entered random last name: Pagac
2024-10-22 00:47:23 INFO  BaseClass:53 - Entered random email address: dan.rath@gmail.com
2024-10-22 00:47:23 INFO  BaseClass:59 - Entered confirmation email address: dan.rath@gmail.com
2024-10-22 00:47:23 INFO  BaseClass:66 - Entered random password: WxiiP9u!
2024-10-22 00:47:24 INFO  BaseClass:73 - Entered random phone number: 8866862627
2024-10-22 00:47:24 INFO  BaseClass:79 - Clicked on Sign-Up button
2024-10-22 00:47:25 INFO  BaseClass:85 - Account registration successful.
2024-10-22 00:47:36 INFO  BaseClass:26 - Entered username
2024-10-22 00:47:36 INFO  BaseClass:29 - Entered password
2024-10-22 00:47:36 INFO  BaseClass:32 - User is logged in.
2024-10-22 00:47:42 INFO  BaseClass:31 - Navigated to My Accounts page.
2024-10-22 00:47:52 INFO  BaseClass:37 - Clicked on Create Account option.
2024-10-22 00:47:53 INFO  BaseClass:43 - Selected trading platform: MT4
2024-10-22 00:47:53 INFO  BaseClass:50 - Entered random account name: zzpwa
2024-10-22 00:47:54 INFO  BaseClass:56 - Selected wallet option: USD
2024-10-22 00:47:55 INFO  BaseClass:62 - Set deposit amount to: 1000
2024-10-22 00:47:55 INFO  BaseClass:68 - User confirmed account creation.
2024-10-22 00:47:55 INFO  BaseClass:74 - Clicked on Create Account button.
2024-10-22 00:48:02 INFO  BaseClass:80 - MT4 Account created with number: 1246011301
2024-10-22 00:48:02 INFO  BaseClass:87 - Dismissed the account creation modal.
2024-10-22 00:48:15 INFO  BaseClass:26 - Entered username
2024-10-22 00:48:15 INFO  BaseClass:29 - Entered password
2024-10-22 00:48:16 INFO  BaseClass:32 - User is logged in.
2024-10-22 00:48:23 INFO  BaseClass:25 - User navigated to My Wallet page.
2024-10-22 00:48:47 INFO  BaseClass:31 - User clicked on the Transfer Funds option.
2024-10-22 00:48:56 INFO  BaseClass:38 - User selected from wallet: Wallet (USD)
2024-10-22 00:49:04 INFO  BaseClass:44 - User selected to wallet: 1245983689 (dvdfv)
2024-10-22 00:49:04 INFO  BaseClass:50 - User entered transfer amount: 1000
2024-10-22 00:49:18 INFO  BaseClass:18 - User is on the Sign-In page.
2024-10-22 00:49:19 INFO  BaseClass:40 - Entered username: Abdul12345
2024-10-22 00:49:19 INFO  BaseClass:41 - Entered password: Abdul@123
2024-10-22 00:49:19 INFO  BaseClass:49 - Clicked on Sign-In button.
2024-10-22 00:49:28 INFO  BaseClass:22 - User successfully redirected to the Dashboard.
